<?xml version="1.0" encoding="UTF-8"?>
<!-- Generated by org.testng.reporters.JUnitXMLReporter -->
<testsuite ignored="0" hostname="DESKTOP-33SIMU9" failures="0" tests="1" name="Test" time="0.756" errors="0" timestamp="2021-06-09T12:30:32 CDT">
  <testcase classname="BaseTest.BaseTest" name="@BeforeMethod BeforeMethodMethod" time="0.037">
    <failure type="java.lang.IllegalStateException" message="The driver executable must exist: D:\Projects\Selenium\workspace\POMpracticeFramework\null\chromedriver.exe">
      <![CDATA[java.lang.IllegalStateException: The driver executable must exist: D:\Projects\Selenium\workspace\POMpracticeFramework\null\chromedriver.exe
at org.openqa.selenium.internal.Require$FileStateChecker.isFile(Require.java:282)
at org.openqa.selenium.remote.service.DriverService.checkExecutable(DriverService.java:154)
at org.openqa.selenium.remote.service.DriverService.findExecutable(DriverService.java:149)
at org.openqa.selenium.chrome.ChromeDriverService.access$000(ChromeDriverService.java:37)
at org.openqa.selenium.chrome.ChromeDriverService$Builder.findDefaultExecutable(ChromeDriverService.java:222)
at org.openqa.selenium.remote.service.DriverService$Builder.build(DriverService.java:405)
at org.openqa.selenium.chrome.ChromeDriverService.createDefaultService(ChromeDriverService.java:119)
at org.openqa.selenium.chrome.ChromeDriver.<init>(ChromeDriver.java:105)
at BaseTest.BaseTest.setupDriver(BaseTest.java:91)
at BaseTest.BaseTest.BeforeMethodMethod(BaseTest.java:51)
at java.base/java.util.ArrayList.forEach(ArrayList.java:1541)
... Removed 31 stack frames]]>
    </failure>
  </testcase> <!-- @BeforeMethod BeforeMethodMethod -->
  <testcase classname="BaseTest.BaseTest" name="@AfterMethod AfterMethodMethod" time="-1.623259831716E9">
    <skipped/>
  </testcase> <!-- @AfterMethod AfterMethodMethod -->
  <testcase classname="BaseTest.SampleTest" name="TestRunMethod" time="0.0">
    <skipped/>
  </testcase> <!-- TestRunMethod -->
</testsuite> <!-- Test -->
